{
  "stats": {
    "suites": 2,
    "tests": 48,
    "passes": 48,
    "pending": 0,
    "failures": 0,
    "start": "2024-06-03T03:44:47.015Z",
    "end": "2024-06-03T03:46:18.574Z",
    "duration": 91559,
    "testsRegistered": 48,
    "passPercent": 100,
    "pendingPercent": 0,
    "other": 0,
    "hasOther": false,
    "skipped": 0,
    "hasSkipped": false
  },
  "results": [
    {
      "uuid": "c923cde8-06ba-4d84-a794-4dc6b7659524",
      "title": "",
      "fullFile": "",
      "file": "",
      "beforeHooks": [],
      "afterHooks": [],
      "tests": [],
      "suites": [
        {
          "uuid": "b046d910-d384-4b9c-8dff-46f5ed3766e4",
          "title": "API Success Scenarios",
          "fullFile": "D:\\CTM\\tests\\testCases.js",
          "file": "\\tests\\testCases.js",
          "beforeHooks": [],
          "afterHooks": [],
          "tests": [
            {
              "title": "validSingleTripInternational - Expected Status: 200",
              "fullTitle": "API Success Scenarios validSingleTripInternational - Expected Status: 200",
              "timedOut": false,
              "duration": 9705,
              "state": "passed",
              "speed": "slow",
              "pass": true,
              "fail": false,
              "pending": false,
              "context": "[\n  {\n    \"title\": \"Request Data\",\n    \"value\": {\n      \"quoteTransactionId\": \"Q-CTM-TRAVEL-14\",\n      \"policyType\": \"SINGLE\",\n      \"travellerAges\": [\n        37,\n        37\n      ],\n      \"travellerChildAges\": [\n        2,\n        4,\n        6,\n        8,\n        10,\n        15\n      ],\n      \"contactDetails\": {\n        \"firstName\": \"Dennis\",\n        \"lastName\": \"Reynolds\",\n        \"email\": \"dennis@paddys.com\"\n      },\n      \"singleTripDetails\": {\n        \"fromDate\": \"2024-06-03\",\n        \"toDate\": \"2024-06-13\"\n      },\n      \"annualCoverDetails\": {\n        \"startDate\": \"2024-06-13\",\n        \"maxTripDuration\": 30\n      },\n      \"destinations\": [\n        \"GBR\"\n      ],\n      \"extraCover\": {\n        \"cruising\": false,\n        \"snowSports\": false\n      },\n      \"coverLevels\": {\n        \"tripCancellation\": \"NO_COVER\",\n        \"luggage\": \"NO_COVER\",\n        \"carRentalExcess\": \"NO_COVER\",\n        \"excess\": \"ONE_HUNDRED\",\n        \"overseasMedical\": \"NO_COVER\",\n        \"additionalExpenses\": \"NO_COVER\"\n      },\n      \"allowsMedicalAssessment\": false\n    }\n  },\n  {\n    \"title\": \"Response Data\",\n    \"value\": {\n      \"companyInfo\": \"Take off with Travel Insurance that can land you rewards. With Everyday Travel Insurance, you can get on with enjoying your trip. Explore our range of International, Domestic and Frequent Traveller policies and select the level of cover that may offer peace of mind for your journey. Everyday Travel Insurance from Woolworths - Partnered with nib. Woolworths Group Limited, ABN 88 000 014 675, AR 245476 is an authorised representative of nib Travel Services (Australia) Pty Ltd (nib), ABN 81 115 932 173, AFSL 308461 and act as nib's agent and not as your agent. This is general advice only. Before you buy, you should consider your needs, the Product Disclosure Statement (PDS), Financial Services Guide (FSG) Target Market Determination (TMD) available from us. This insurance is underwritten by Pacific International Insurance Pty Ltd, ABN 83 169 311 193.\",\n      \"quotes\": [\n        {\n          \"quoteReference\": \"0b7db7fe-49d0-444e-a97c-59f75be2a089\",\n          \"handoverUrl\": \"https://test-insurance.everyday.com.au/quoteline/travel.html/retrieveQuote?interchange_token=eyJhbGciOiJIUzI1NiIsInR5cCI6IkpXVCJ9.eyJpbnRlcmNoYW5nZWlkIjoiZTAwMWY3ZGQtNTI2OS00NjgzLWI2MGEtOWYzMTA3NWFjMjgwIiwibmJmIjoxNzE3Mzg2MjkwLCJleHAiOjE3MTczODgwOTAsImlhdCI6MTcxNzM4NjI5MCwiaXNzIjoiaHR0cHM6Ly90dmwtcXVvdGVzLmNvbSIsImF1ZCI6Imh0dHBzOi8vdHZsLXF1b3Rlcy5jb20vaW50ZXJjaGFuZ2UifQ.pnS4eHDsoZhMJFsDRIkkrXcTomHMylaBU-NAMp1qAg0&utm_source=ctm&utm_campaign=woolworths_insurance&utm_medium=aff&utm_content=CTM-Q-CTM-TRAVEL-14\",\n          \"pdsUrl\": \"https://api-staging.nibtravelinsurance.com/products/v1/edi/regulatoryWordingDocuments/INTCOM/2\",\n          \"tmdUrl\": \"https://media.nibtravelinsurance.com.au/everydayinsurance/international-tmd.pdf\",\n          \"premium\": 319.55,\n          \"excess\": 100,\n          \"underwriter\": \"Pacific International (AU)\",\n          \"productCode\": 79,\n          \"productName\": \"Comprehensive\",\n          \"offer\": {},\n          \"allowsMedicalAssessment\": true,\n          \"journeyDefinition\": \"for international plans: In the case of the Comprehensive, Standard and Basic plans: it means travel during the period between the start date and the end date listed on your Certificate of Insurance. The trip must start or end at your home in Australia. In the case of the Frequent Traveller plan, trip(s) means any travel up to 45 days in duration between the start date and end date shown on your Certificate of Insurance. Each trip must: Start and end at your home in Australia, and be to a destination of at least 200km from your home in Australia, and include travel by either pre-paid scheduled public transport or hire car, or include at least one night of pre-booked publicly available accommodation. The period of travel cannot be altered without our consent. For Domestic plans: travel during the period between the start date and the end date listed on your Certificate of Insurance. The trip must start or end at your home in Australia. The period of travel cannot be altered without our consent. For Diving Underwater (SCUBA Diving) - must hold an open water diving licence or are diving under licensed instruction.\",\n          \"dependantDefinition\": \"A Child is under 25 years of age, and working less than 30 hours per week. They can be your child, stepchild, grandchild, foster child, or a child for whom you are legal guardian, who is travelling with you on the same itinerary for the entire duration of your trip.\",\n          \"countriesExcluded\": [],\n          \"countriesIncluded\": [],\n          \"benefits\": {\n            \"general\": {\n              \"overseasEmergencyMedicalAndHospitalExpenses\": {\n                \"covered\": true,\n                \"value\": 0,\n                \"unlimitedCover\": true\n              },\n              \"overseasEmergencyAssistanceCovered\": true,\n              \"cancellationOrLostDeposits\": {\n                \"covered\": true,\n                \"value\": 5000,\n                \"unlimitedCover\": false\n              },\n              \"travelAgentFees\": {\n                \"covered\": false,\n                \"value\": 0,\n                \"unlimitedCover\": false\n              },\n              \"additionalExpenses\": {\n                \"covered\": true,\n                \"value\": 5000,\n                \"unlimitedCover\": false\n              },\n              \"alternativeTransportExpenses\": {\n                \"covered\": false,\n                \"value\": 0,\n                \"unlimitedCover\": false\n              },\n              \"delayExpenses\": {\n                \"covered\": true,\n                \"value\": 2000,\n                \"unlimitedCover\": false\n              },\n              \"luggageAndPersonalEffects\": {\n                \"covered\": true,\n                \"value\": 12000,\n                \"unlimitedCover\": false\n              },\n              \"luggageAndPersonalEffectsDelayExpenses\": {\n                \"covered\": true,\n                \"value\": 500,\n                \"unlimitedCover\": false\n              },\n              \"mobilePhonesAndTablets\": {\n                \"covered\": true,\n                \"value\": 1000,\n                \"unlimitedCover\": false\n              },\n              \"computersVideoRecordersCameras\": {\n                \"covered\": true,\n                \"value\": 4000,\n                \"unlimitedCover\": false\n              },\n              \"travelDocsTransactionCardsTravellersCheques\": {\n                \"covered\": true,\n                \"value\": 3000,\n                \"unlimitedCover\": false\n              },\n              \"theftOfCash\": {\n                \"covered\": true,\n                \"value\": 250,\n                \"unlimitedCover\": false\n              },\n              \"rentalVehicleExcessInsurance\": {\n                \"covered\": true,\n                \"value\": 5000,\n                \"unlimitedCover\": false\n              },\n              \"financialDefaultOfTravelProviders\": {\n                \"covered\": false,\n                \"value\": 0,\n                \"unlimitedCover\": false\n              },\n              \"personalLiability\": {\n                \"covered\": true,\n                \"value\": 2500000,\n                \"unlimitedCover\": false\n              },\n              \"overseasEmergencyEvacuationAndRepatriation\": {\n                \"covered\": true,\n                \"value\": 0,\n                \"unlimitedCover\": true\n              },\n              \"overseasEmergencyDentalExpenses\": {\n                \"covered\": true,\n                \"value\": 1000,\n                \"unlimitedCover\": false\n              },\n              \"overseasFuneralExpenses\": {\n                \"covered\": true,\n                \"value\": 25000,\n                \"unlimitedCover\": false\n              },\n              \"hospitalCashAllowance\": {\n                \"covered\": true,\n                \"value\": 8000,\n                \"unlimitedCover\": false\n              },\n              \"fraudulentUseOfCreditOrDebitCards\": {\n                \"covered\": true,\n                \"value\": 3000,\n                \"unlimitedCover\": false\n              },\n              \"domesticPets\": {\n                \"covered\": false,\n                \"value\": 0,\n                \"unlimitedCover\": false\n              },\n              \"domesticServices\": {\n                \"covered\": true,\n                \"value\": 0,\n                \"unlimitedCover\": true\n              },\n              \"hijack\": {\n                \"covered\": false,\n                \"value\": 0,\n                \"unlimitedCover\": false\n              },\n              \"lossOfIncome\": {\n                \"covered\": true,\n                \"value\": 10000,\n                \"unlimitedCover\": false\n              },\n              \"permanentDisability\": {\n                \"covered\": true,\n                \"value\": 12500,\n                \"unlimitedCover\": false\n              },\n              \"accidentalDeath\": {\n                \"covered\": true,\n                \"value\": 25000,\n                \"unlimitedCover\": false\n              }\n            },\n            \"adventureSports\": {\n              \"overseasEmergencyMedicalAssistanceCovered\": false,\n              \"overseasEmergencyMedicalAndHospitalExpenses\": {\n                \"covered\": false,\n                \"value\": 0,\n                \"unlimitedCover\": false\n              },\n              \"ownEquipmentLossOrDamage\": {\n                \"covered\": false,\n                \"value\": 0,\n                \"unlimitedCover\": false\n              },\n              \"equipmentHireLossOrDamage\": {\n                \"covered\": false,\n                \"value\": 0,\n                \"unlimitedCover\": false\n              },\n              \"unusedAdventureSportsPrepaidCosts\": {\n                \"covered\": false,\n                \"value\": 0,\n                \"unlimitedCover\": false\n              },\n              \"abseilingCovered\": false,\n              \"bungyJumpingBridgeSwingingGorgeSwingingCanyonSwingingCovered\": true,\n              \"canoeingGrade1And2RapidsOrLowerCovered\": true,\n              \"canoeingGrade3And4RapidsCovered\": true,\n              \"canoeingGrade5RapidsCovered\": true,\n              \"canyoningCovered\": true,\n              \"cavingCaveTubingCovered\": false,\n              \"contactSportsAmateurCovered\": true,\n              \"scubaDivingToDepthOf30MetresCovered\": true,\n              \"scubaDivingToDepthOf40MetresCovered\": true,\n              \"hangGlidingParaGlidingSoloCovered\": false,\n              \"hikingTrekkingTrampingTo2000MetresCovered\": true,\n              \"hikingTrekkingTrampingTo4000MetresCovered\": true,\n              \"hikingTrekkingTrampingTo6000MetresCovered\": true,\n              \"kayakingGrade1And2RapidsOrLowerCovered\": true,\n              \"kayakingGrade3And4RapidsCovered\": true,\n              \"motorcycling125ccAndOverCovered\": false,\n              \"outdoorRockClimbingWithRopesAndSafetyGearCovered\": false,\n              \"parachutingSkyDivingSoloCovered\": true,\n              \"parachutingSkyDivingTandemWithInstructorCovered\": true,\n              \"paraglidingOrParasailingCovered\": false,\n              \"paraglidingOrParasailingTandemWithLicensedInstructorCovered\": false,\n              \"potholingCovered\": false,\n              \"raftingWhiteBlackWaterGrade1And2RapidsCovered\": true,\n              \"raftingWhiteBlackWaterGrade3And4RapidsCovered\": true,\n              \"raftingWhiteOrBlackWaterGrade5RapidsCovered\": true,\n              \"riverTubingCovered\": true,\n              \"tubingAmateurNoStuntsRampsCovered\": true\n            }\n          },\n          \"pandemicCover\": {\n            \"cover\": true,\n            \"medical\": \"Cover is provided for overseas medical expenses you incur if you are diagnosed with COVID-19 while on your trip. Unlimited.\",\n            \"cancelPriorToDeparture\": \"Cover is provided if you or your travelling companion are diagnosed with COVID-19 prior to your departure and as a result you cancel your trip. Limit $10,000.\",\n            \"cancelWhileOverseas\": \"Cover is provided if you or your travelling companion are diagnosed with COVID-19 while overseas and as a result you cut your trip short. Limit $10,000.\",\n            \"additionalExpenses\": \"Cover is provided if you are diagnosed with COVID-19 and incur additional accommodation, travel, or quarantine expenses during your trip. Limit $10,000.\"\n          }\n        },\n        {\n          \"quoteReference\": \"eeb1fd61-c29b-42c3-98f1-3f93de92e500\",\n          \"handoverUrl\": \"https://test-insurance.everyday.com.au/quoteline/travel.html/retrieveQuote?interchange_token=eyJhbGciOiJIUzI1NiIsInR5cCI6IkpXVCJ9.eyJpbnRlcmNoYW5nZWlkIjoiZTAzMGM2ODgtOWFlNS00NjY5LThlMmUtMjljMWJmZTgxOTcwIiwibmJmIjoxNzE3Mzg2MjkyLCJleHAiOjE3MTczODgwOTIsImlhdCI6MTcxNzM4NjI5MiwiaXNzIjoiaHR0cHM6Ly90dmwtcXVvdGVzLmNvbSIsImF1ZCI6Imh0dHBzOi8vdHZsLXF1b3Rlcy5jb20vaW50ZXJjaGFuZ2UifQ.EYlJ1NMGgb_zpwey_R4ymOTr-6t2ONusx_64zDRiRSU&utm_source=ctm&utm_campaign=woolworths_insurance&utm_medium=aff&utm_content=CTM-Q-CTM-TRAVEL-14\",\n          \"pdsUrl\": \"https://api-staging.nibtravelinsurance.com/products/v1/edi/regulatoryWordingDocuments/INTSTA/2\",\n          \"tmdUrl\": \"https://media.nibtravelinsurance.com.au/everydayinsurance/international-tmd.pdf\",\n          \"premium\": 225.55,\n          \"excess\": 100,\n          \"underwriter\": \"Pacific International (AU)\",\n          \"productCode\": 81,\n          \"productName\": \"Standard\",\n          \"offer\": {},\n          \"allowsMedicalAssessment\": false,\n          \"journeyDefinition\": \"for international plans: In the case of the Comprehensive, Standard and Basic plans: it means travel during the period between the start date and the end date listed on your Certificate of Insurance. The trip must start or end at your home in Australia. In the case of the Frequent Traveller plan, trip(s) means any travel up to 45 days in duration between the start date and end date shown on your Certificate of Insurance. Each trip must: Start and end at your home in Australia, and be to a destination of at least 200km from your home in Australia, and include travel by either pre-paid scheduled public transport or hire car, or include at least one night of pre-booked publicly available accommodation. The period of travel cannot be altered without our consent. For Domestic plans: travel during the period between the start date and the end date listed on your Certificate of Insurance. The trip must start or end at your home in Australia. The period of travel cannot be altered without our consent. For Diving Underwater (SCUBA Diving) - must hold an open water diving licence or are diving under licensed instruction.\",\n          \"dependantDefinition\": \"A Child is under 25 years of age, and working less than 30 hours per week. They can be your child, stepchild, grandchild, foster child, or a child for whom you are legal guardian, who is travelling with you on the same itinerary for the entire duration of your trip.\",\n          \"countriesExcluded\": [],\n          \"countriesIncluded\": [],\n          \"benefits\": {\n            \"general\": {\n              \"overseasEmergencyMedicalAndHospitalExpenses\": {\n                \"covered\": true,\n                \"value\": 0,\n                \"unlimitedCover\": true\n              },\n              \"overseasEmergencyAssistanceCovered\": true,\n              \"cancellationOrLostDeposits\": {\n                \"covered\": true,\n                \"value\": 2500,\n                \"unlimitedCover\": false\n              },\n              \"travelAgentFees\": {\n                \"covered\": false,\n                \"value\": 0,\n                \"unlimitedCover\": false\n              },\n              \"additionalExpenses\": {\n                \"covered\": true,\n                \"value\": 2500,\n                \"unlimitedCover\": false\n              },\n              \"alternativeTransportExpenses\": {\n                \"covered\": false,\n                \"value\": 0,\n                \"unlimitedCover\": false\n              },\n              \"delayExpenses\": {\n                \"covered\": true,\n                \"value\": 1000,\n                \"unlimitedCover\": false\n              },\n              \"luggageAndPersonalEffects\": {\n                \"covered\": true,\n                \"value\": 5000,\n                \"unlimitedCover\": false\n              },\n              \"luggageAndPersonalEffectsDelayExpenses\": {\n                \"covered\": true,\n                \"value\": 200,\n                \"unlimitedCover\": false\n              },\n              \"mobilePhonesAndTablets\": {\n                \"covered\": true,\n                \"value\": 500,\n                \"unlimitedCover\": false\n              },\n              \"computersVideoRecordersCameras\": {\n                \"covered\": true,\n                \"value\": 500,\n                \"unlimitedCover\": false\n              },\n              \"travelDocsTransactionCardsTravellersCheques\": {\n                \"covered\": true,\n                \"value\": 1000,\n                \"unlimitedCover\": false\n              },\n              \"theftOfCash\": {\n                \"covered\": false,\n                \"value\": 0,\n                \"unlimitedCover\": false\n              },\n              \"rentalVehicleExcessInsurance\": {\n                \"covered\": false,\n                \"value\": 0,\n                \"unlimitedCover\": false\n              },\n              \"financialDefaultOfTravelProviders\": {\n                \"covered\": false,\n                \"value\": 0,\n                \"unlimitedCover\": false\n              },\n              \"personalLiability\": {\n                \"covered\": true,\n                \"value\": 1000000,\n                \"unlimitedCover\": false\n              },\n              \"overseasEmergencyEvacuationAndRepatriation\": {\n                \"covered\": true,\n                \"value\": 500000,\n                \"unlimitedCover\": false\n              },\n              \"overseasEmergencyDentalExpenses\": {\n                \"covered\": true,\n                \"value\": 1000,\n                \"unlimitedCover\": false\n              },\n              \"overseasFuneralExpenses\": {\n                \"covered\": true,\n                \"value\": 15000,\n                \"unlimitedCover\": false\n              },\n              \"hospitalCashAllowance\": {\n                \"covered\": true,\n                \"value\": 5000,\n                \"unlimitedCover\": false\n              },\n              \"fraudulentUseOfCreditOrDebitCards\": {\n                \"covered\": false,\n                \"value\": 0,\n                \"unlimitedCover\": false\n              },\n              \"domesticPets\": {\n                \"covered\": false,\n                \"value\": 0,\n                \"unlimitedCover\": false\n              },\n              \"domesticServices\": {\n                \"covered\": false,\n                \"value\": 0,\n                \"unlimitedCover\": false\n              },\n              \"hijack\": {\n                \"covered\": false,\n                \"value\": 0,\n                \"unlimitedCover\": false\n              },\n              \"lossOfIncome\": {\n                \"covered\": false,\n                \"value\": 0,\n                \"unlimitedCover\": false\n              },\n              \"permanentDisability\": {\n                \"covered\": false,\n                \"value\": 0,\n                \"unlimitedCover\": false\n              },\n              \"accidentalDeath\": {\n                \"covered\": true,\n                \"value\": 10000,\n                \"unlimitedCover\": false\n              }\n            },\n            \"adventureSports\": {\n              \"overseasEmergencyMedicalAssistanceCovered\": false,\n              \"overseasEmergencyMedicalAndHospitalExpenses\": {\n                \"covered\": false,\n                \"value\": 0,\n                \"unlimitedCover\": false\n              },\n              \"ownEquipmentLossOrDamage\": {\n                \"covered\": false,\n                \"value\": 0,\n                \"unlimitedCover\": false\n              },\n              \"equipmentHireLossOrDamage\": {\n                \"covered\": false,\n                \"value\": 0,\n                \"unlimitedCover\": false\n              },\n              \"unusedAdventureSportsPrepaidCosts\": {\n                \"covered\": false,\n                \"value\": 0,\n                \"unlimitedCover\": false\n              },\n              \"abseilingCovered\": false,\n              \"bungyJumpingBridgeSwingingGorgeSwingingCanyonSwingingCovered\": true,\n              \"canoeingGrade1And2RapidsOrLowerCovered\": true,\n              \"canoeingGrade3And4RapidsCovered\": true,\n              \"canoeingGrade5RapidsCovered\": true,\n              \"canyoningCovered\": true,\n              \"cavingCaveTubingCovered\": false,\n              \"contactSportsAmateurCovered\": true,\n              \"scubaDivingToDepthOf30MetresCovered\": true,\n              \"scubaDivingToDepthOf40MetresCovered\": true,\n              \"hangGlidingParaGlidingSoloCovered\": false,\n              \"hikingTrekkingTrampingTo2000MetresCovered\": true,\n              \"hikingTrekkingTrampingTo4000MetresCovered\": true,\n              \"hikingTrekkingTrampingTo6000MetresCovered\": true,\n              \"kayakingGrade1And2RapidsOrLowerCovered\": true,\n              \"kayakingGrade3And4RapidsCovered\": true,\n              \"motorcycling125ccAndOverCovered\": false,\n              \"outdoorRockClimbingWithRopesAndSafetyGearCovered\": false,\n              \"parachutingSkyDivingSoloCovered\": true,\n              \"parachutingSkyDivingTandemWithInstructorCovered\": true,\n              \"paraglidingOrParasailingCovered\": false,\n              \"paraglidingOrParasailingTandemWithLicensedInstructorCovered\": false,\n              \"potholingCovered\": false,\n              \"raftingWhiteBlackWaterGrade1And2RapidsCovered\": true,\n              \"raftingWhiteBlackWaterGrade3And4RapidsCovered\": true,\n              \"raftingWhiteOrBlackWaterGrade5RapidsCovered\": true,\n              \"riverTubingCovered\": true,\n              \"tubingAmateurNoStuntsRampsCovered\": true\n            }\n          },\n          \"pandemicCover\": {\n            \"cover\": false,\n            \"medical\": \"No Cover\",\n            \"cancelPriorToDeparture\": \"No Cover\",\n            \"cancelWhileOverseas\": \"No Cover\",\n            \"additionalExpenses\": \"No Cover\"\n          }\n        },\n        {\n          \"quoteReference\": \"4c45d6a3-aee0-4d3c-a396-b5d1ecd6c7b1\",\n          \"handoverUrl\": \"https://test-insurance.everyday.com.au/quoteline/travel.html/retrieveQuote?interchange_token=eyJhbGciOiJIUzI1NiIsInR5cCI6IkpXVCJ9.eyJpbnRlcmNoYW5nZWlkIjoiOTMzZWFiYjAtNGUxYy00OTUxLTlhNmUtZjBjYzRlNzgwYmE0IiwibmJmIjoxNzE3Mzg2Mjk0LCJleHAiOjE3MTczODgwOTQsImlhdCI6MTcxNzM4NjI5NCwiaXNzIjoiaHR0cHM6Ly90dmwtcXVvdGVzLmNvbSIsImF1ZCI6Imh0dHBzOi8vdHZsLXF1b3Rlcy5jb20vaW50ZXJjaGFuZ2UifQ.VaRx82Fl9lVaRIv-Zu7mKw1ltGXCqnJRYskPUXUDTpc&utm_source=ctm&utm_campaign=woolworths_insurance&utm_medium=aff&utm_content=CTM-Q-CTM-TRAVEL-14\",\n          \"pdsUrl\": \"https://api-staging.nibtravelinsurance.com/products/v1/edi/regulatoryWordingDocuments/INTBAS/2\",\n          \"tmdUrl\": \"https://media.nibtravelinsurance.com.au/everydayinsurance/international-tmd.pdf\",\n          \"premium\": 188.55,\n          \"excess\": 100,\n          \"underwriter\": \"Pacific International (AU)\",\n          \"productCode\": 83,\n          \"productName\": \"Basic\",\n          \"offer\": {},\n          \"allowsMedicalAssessment\": false,\n          \"journeyDefinition\": \"for international plans: In the case of the Comprehensive, Standard and Basic plans: it means travel during the period between the start date and the end date listed on your Certificate of Insurance. The trip must start or end at your home in Australia. In the case of the Frequent Traveller plan, trip(s) means any travel up to 45 days in duration between the start date and end date shown on your Certificate of Insurance. Each trip must: Start and end at your home in Australia, and be to a destination of at least 200km from your home in Australia, and include travel by either pre-paid scheduled public transport or hire car, or include at least one night of pre-booked publicly available accommodation. The period of travel cannot be altered without our consent. For Domestic plans: travel during the period between the start date and the end date listed on your Certificate of Insurance. The trip must start or end at your home in Australia. The period of travel cannot be altered without our consent. For Diving Underwater (SCUBA Diving) - must hold an open water diving licence or are diving under licensed instruction.\",\n          \"dependantDefinition\": \"A Child is under 25 years of age, and working less than 30 hours per week. They can be your child, stepchild, grandchild, foster child, or a child for whom you are legal guardian, who is travelling with you on the same itinerary for the entire duration of your trip.\",\n          \"countriesExcluded\": [],\n          \"countriesIncluded\": [],\n          \"benefits\": {\n            \"general\": {\n              \"overseasEmergencyMedicalAndHospitalExpenses\": {\n                \"covered\": true,\n                \"value\": 0,\n                \"unlimitedCover\": true\n              },\n              \"overseasEmergencyAssistanceCovered\": true,\n              \"cancellationOrLostDeposits\": {\n                \"covered\": true,\n                \"value\": 2500,\n                \"unlimitedCover\": false\n              },\n              \"travelAgentFees\": {\n                \"covered\": false,\n                \"value\": 0,\n                \"unlimitedCover\": false\n              },\n              \"additionalExpenses\": {\n                \"covered\": true,\n                \"value\": 2500,\n                \"unlimitedCover\": false\n              },\n              \"alternativeTransportExpenses\": {\n                \"covered\": false,\n                \"value\": 0,\n                \"unlimitedCover\": false\n              },\n              \"delayExpenses\": {\n                \"covered\": false,\n                \"value\": 0,\n                \"unlimitedCover\": false\n              },\n              \"luggageAndPersonalEffects\": {\n                \"covered\": true,\n                \"value\": 2000,\n                \"unlimitedCover\": false\n              },\n              \"luggageAndPersonalEffectsDelayExpenses\": {\n                \"covered\": true,\n                \"value\": 150,\n                \"unlimitedCover\": false\n              },\n              \"mobilePhonesAndTablets\": {\n                \"covered\": true,\n                \"value\": 250,\n                \"unlimitedCover\": false\n              },\n              \"computersVideoRecordersCameras\": {\n                \"covered\": true,\n                \"value\": 250,\n                \"unlimitedCover\": false\n              },\n              \"travelDocsTransactionCardsTravellersCheques\": {\n                \"covered\": true,\n                \"value\": 500,\n                \"unlimitedCover\": false\n              },\n              \"theftOfCash\": {\n                \"covered\": false,\n                \"value\": 0,\n                \"unlimitedCover\": false\n              },\n              \"rentalVehicleExcessInsurance\": {\n                \"covered\": false,\n                \"value\": 0,\n                \"unlimitedCover\": false\n              },\n              \"financialDefaultOfTravelProviders\": {\n                \"covered\": false,\n                \"value\": 0,\n                \"unlimitedCover\": false\n              },\n              \"personalLiability\": {\n                \"covered\": true,\n                \"value\": 1000000,\n                \"unlimitedCover\": false\n              },\n              \"overseasEmergencyEvacuationAndRepatriation\": {\n                \"covered\": true,\n                \"value\": 250000,\n                \"unlimitedCover\": false\n              },\n              \"overseasEmergencyDentalExpenses\": {\n                \"covered\": true,\n                \"value\": 1000,\n                \"unlimitedCover\": false\n              },\n              \"overseasFuneralExpenses\": {\n                \"covered\": true,\n                \"value\": 15000,\n                \"unlimitedCover\": false\n              },\n              \"hospitalCashAllowance\": {\n                \"covered\": false,\n                \"value\": 0,\n                \"unlimitedCover\": false\n              },\n              \"fraudulentUseOfCreditOrDebitCards\": {\n                \"covered\": false,\n                \"value\": 0,\n                \"unlimitedCover\": false\n              },\n              \"domesticPets\": {\n                \"covered\": false,\n                \"value\": 0,\n                \"unlimitedCover\": false\n              },\n              \"domesticServices\": {\n                \"covered\": false,\n                \"value\": 0,\n                \"unlimitedCover\": false\n              },\n              \"hijack\": {\n                \"covered\": false,\n                \"value\": 0,\n                \"unlimitedCover\": false\n              },\n              \"lossOfIncome\": {\n                \"covered\": false,\n                \"value\": 0,\n                \"unlimitedCover\": false\n              },\n              \"permanentDisability\": {\n                \"covered\": false,\n                \"value\": 0,\n                \"unlimitedCover\": false\n              },\n              \"accidentalDeath\": {\n                \"covered\": false,\n                \"value\": 0,\n                \"unlimitedCover\": false\n              }\n            },\n            \"adventureSports\": {\n              \"overseasEmergencyMedicalAssistanceCovered\": false,\n              \"overseasEmergencyMedicalAndHospitalExpenses\": {\n                \"covered\": false,\n                \"value\": 0,\n                \"unlimitedCover\": false\n              },\n              \"ownEquipmentLossOrDamage\": {\n                \"covered\": false,\n                \"value\": 0,\n                \"unlimitedCover\": false\n              },\n              \"equipmentHireLossOrDamage\": {\n                \"covered\": false,\n                \"value\": 0,\n                \"unlimitedCover\": false\n              },\n              \"unusedAdventureSportsPrepaidCosts\": {\n                \"covered\": false,\n                \"value\": 0,\n                \"unlimitedCover\": false\n              },\n              \"abseilingCovered\": false,\n              \"bungyJumpingBridgeSwingingGorgeSwingingCanyonSwingingCovered\": true,\n              \"canoeingGrade1And2RapidsOrLowerCovered\": true,\n              \"canoeingGrade3And4RapidsCovered\": true,\n              \"canoeingGrade5RapidsCovered\": true,\n              \"canyoningCovered\": true,\n              \"cavingCaveTubingCovered\": false,\n              \"contactSportsAmateurCovered\": true,\n              \"scubaDivingToDepthOf30MetresCovered\": true,\n              \"scubaDivingToDepthOf40MetresCovered\": true,\n              \"hangGlidingParaGlidingSoloCovered\": false,\n              \"hikingTrekkingTrampingTo2000MetresCovered\": true,\n              \"hikingTrekkingTrampingTo4000MetresCovered\": true,\n              \"hikingTrekkingTrampingTo6000MetresCovered\": true,\n              \"kayakingGrade1And2RapidsOrLowerCovered\": true,\n              \"kayakingGrade3And4RapidsCovered\": true,\n              \"motorcycling125ccAndOverCovered\": false,\n              \"outdoorRockClimbingWithRopesAndSafetyGearCovered\": false,\n              \"parachutingSkyDivingSoloCovered\": true,\n              \"parachutingSkyDivingTandemWithInstructorCovered\": true,\n              \"paraglidingOrParasailingCovered\": false,\n              \"paraglidingOrParasailingTandemWithLicensedInstructorCovered\": false,\n              \"potholingCovered\": false,\n              \"raftingWhiteBlackWaterGrade1And2RapidsCovered\": true,\n              \"raftingWhiteBlackWaterGrade3And4RapidsCovered\": true,\n              \"raftingWhiteOrBlackWaterGrade5RapidsCovered\": true,\n              \"riverTubingCovered\": true,\n              \"tubingAmateurNoStuntsRampsCovered\": true\n            }\n          },\n          \"pandemicCover\": {\n            \"cover\": false,\n            \"medical\": \"No Cover\",\n            \"cancelPriorToDeparture\": \"No Cover\",\n            \"cancelWhileOverseas\": \"No Cover\",\n            \"additionalExpenses\": \"No Cover\"\n          }\n        }\n      ]\n    }\n  }\n]",
              "code": "const response = await axios.post(\n    config.apiEndpoint,\n    testCase.request,\n    { headers: { 'Content-Type': 'application/json',\n                     'x-api-key': config.apiKey // add x-api-key\n        } }\n);\nexpect(response.status).to.equal(200);\naddContext(this, { title: 'Request Data', value: testCase.request });\naddContext(this, { title: 'Response Data', value: response.data });\n// Log request and response data\nconsole.log(\"Request Data:\", JSON.stringify(testCase.request, null, 2));\nconsole.log(\"Response Data:\", JSON.stringify(response.data, null, 2));",
              "err": {},
              "uuid": "a06d5711-8480-4811-b793-42d435dde950",
              "parentUUID": "b046d910-d384-4b9c-8dff-46f5ed3766e4",
              "isHook": false,
              "skipped": false
            },
            {
              "title": "validSingleTripDomestic - Expected Status: 200",
              "fullTitle": "API Success Scenarios validSingleTripDomestic - Expected Status: 200",
              "timedOut": false,
              "duration": 9362,
              "state": "passed",
              "speed": "slow",
              "pass": true,
              "fail": false,
              "pending": false,
              "context": "[\n  {\n    \"title\": \"Request Data\",\n    \"value\": {\n      \"quoteTransactionId\": \"Q-CTM-TRAVEL-14\",\n      \"policyType\": \"SINGLE\",\n      \"travellerAges\": [\n        37,\n        37\n      ],\n      \"travellerChildAges\": [\n        2,\n        4,\n        6,\n        8,\n        10,\n        15\n      ],\n      \"contactDetails\": {\n        \"firstName\": \"Dennis\",\n        \"lastName\": \"Reynolds\",\n        \"email\": \"dennis@paddys.com\"\n      },\n      \"singleTripDetails\": {\n        \"fromDate\": \"2024-06-03\",\n        \"toDate\": \"2024-06-13\"\n      },\n      \"annualCoverDetails\": {\n        \"startDate\": \"2024-06-13\",\n        \"maxTripDuration\": 30\n      },\n      \"destinations\": [\n        \"AUS\"\n      ],\n      \"extraCover\": {\n        \"cruising\": false,\n        \"snowSports\": false\n      },\n      \"coverLevels\": {\n        \"tripCancellation\": \"NO_COVER\",\n        \"luggage\": \"NO_COVER\",\n        \"carRentalExcess\": \"NO_COVER\",\n        \"excess\": \"ONE_HUNDRED\",\n        \"overseasMedical\": \"NO_COVER\",\n        \"additionalExpenses\": \"NO_COVER\"\n      },\n      \"allowsMedicalAssessment\": false\n    }\n  },\n  {\n    \"title\": \"Response Data\",\n    \"value\": {\n      \"companyInfo\": \"Take off with Travel Insurance that can land you rewards. With Everyday Travel Insurance, you can get on with enjoying your trip. Explore our range of International, Domestic and Frequent Traveller policies and select the level of cover that may offer peace of mind for your journey. Everyday Travel Insurance from Woolworths - Partnered with nib. Woolworths Group Limited, ABN 88 000 014 675, AR 245476 is an authorised representative of nib Travel Services (Australia) Pty Ltd (nib), ABN 81 115 932 173, AFSL 308461 and act as nib's agent and not as your agent. This is general advice only. Before you buy, you should consider your needs, the Product Disclosure Statement (PDS), Financial Services Guide (FSG) Target Market Determination (TMD) available from us. This insurance is underwritten by Pacific International Insurance Pty Ltd, ABN 83 169 311 193.\",\n      \"quotes\": [\n        {\n          \"quoteReference\": \"d9d7d549-ccc7-4666-84e3-c862ee42b55e\",\n          \"handoverUrl\": \"https://test-insurance.everyday.com.au/quoteline/travel.html/retrieveQuote?interchange_token=eyJhbGciOiJIUzI1NiIsInR5cCI6IkpXVCJ9.eyJpbnRlcmNoYW5nZWlkIjoiNWQyYmUxZmQtNWRiYS00MmI3LTk3MDEtYzNkYTg3NzZiYjY5IiwibmJmIjoxNzE3Mzg2MzAwLCJleHAiOjE3MTczODgxMDAsImlhdCI6MTcxNzM4NjMwMCwiaXNzIjoiaHR0cHM6Ly90dmwtcXVvdGVzLmNvbSIsImF1ZCI6Imh0dHBzOi8vdHZsLXF1b3Rlcy5jb20vaW50ZXJjaGFuZ2UifQ.g9X4szSGs9Ful40VX9O0dqRxYsu0E7pT4763BBiM4LA&utm_source=ctm&utm_campaign=woolworths_insurance&utm_medium=aff&utm_content=CTM-Q-CTM-TRAVEL-14\",\n          \"pdsUrl\": \"https://api-staging.nibtravelinsurance.com/products/v1/edi/regulatoryWordingDocuments/AUCOM/2\",\n          \"tmdUrl\": \"https://media.nibtravelinsurance.com.au/everydayinsurance/domestic-tmd.pdf\",\n          \"premium\": 198.55,\n          \"excess\": 100,\n          \"underwriter\": \"Pacific International (AU)\",\n          \"productCode\": 80,\n          \"productName\": \"Comprehensive Domestic\",\n          \"offer\": {},\n          \"allowsMedicalAssessment\": true,\n          \"journeyDefinition\": \"for international plans: In the case of the Comprehensive, Standard and Basic plans: it means travel during the period between the start date and the end date listed on your Certificate of Insurance. The trip must start or end at your home in Australia. In the case of the Frequent Traveller plan, trip(s) means any travel up to 45 days in duration between the start date and end date shown on your Certificate of Insurance. Each trip must: Start and end at your home in Australia, and be to a destination of at least 200km from your home in Australia, and include travel by either pre-paid scheduled public transport or hire car, or include at least one night of pre-booked publicly available accommodation. The period of travel cannot be altered without our consent. For Domestic plans: travel during the period between the start date and the end date listed on your Certificate of Insurance. The trip must start or end at your home in Australia. The period of travel cannot be altered without our consent. For Diving Underwater (SCUBA Diving) - must hold an open water diving licence or are diving under licensed instruction.\",\n          \"dependantDefinition\": \"A Child is under 25 years of age, and working less than 30 hours per week. They can be your child, stepchild, grandchild, foster child, or a child for whom you are legal guardian, who is travelling with you on the same itinerary for the entire duration of your trip.\",\n          \"countriesExcluded\": [],\n          \"countriesIncluded\": [],\n          \"benefits\": {\n            \"general\": {\n              \"overseasEmergencyMedicalAndHospitalExpenses\": {\n                \"covered\": false,\n                \"value\": 0,\n                \"unlimitedCover\": false\n              },\n              \"overseasEmergencyAssistanceCovered\": false,\n              \"cancellationOrLostDeposits\": {\n                \"covered\": true,\n                \"value\": 3000,\n                \"unlimitedCover\": false\n              },\n              \"travelAgentFees\": {\n                \"covered\": false,\n                \"value\": 0,\n                \"unlimitedCover\": false\n              },\n              \"additionalExpenses\": {\n                \"covered\": true,\n                \"value\": 3000,\n                \"unlimitedCover\": false\n              },\n              \"alternativeTransportExpenses\": {\n                \"covered\": false,\n                \"value\": 0,\n                \"unlimitedCover\": false\n              },\n              \"delayExpenses\": {\n                \"covered\": true,\n                \"value\": 1000,\n                \"unlimitedCover\": false\n              },\n              \"luggageAndPersonalEffects\": {\n                \"covered\": true,\n                \"value\": 4000,\n                \"unlimitedCover\": false\n              },\n              \"luggageAndPersonalEffectsDelayExpenses\": {\n                \"covered\": true,\n                \"value\": 500,\n                \"unlimitedCover\": false\n              },\n              \"mobilePhonesAndTablets\": {\n                \"covered\": true,\n                \"value\": 1000,\n                \"unlimitedCover\": false\n              },\n              \"computersVideoRecordersCameras\": {\n                \"covered\": true,\n                \"value\": 1000,\n                \"unlimitedCover\": false\n              },\n              \"travelDocsTransactionCardsTravellersCheques\": {\n                \"covered\": false,\n                \"value\": 0,\n                \"unlimitedCover\": false\n              },\n              \"theftOfCash\": {\n                \"covered\": false,\n                \"value\": 0,\n                \"unlimitedCover\": false\n              },\n              \"rentalVehicleExcessInsurance\": {\n                \"covered\": true,\n                \"value\": 5000,\n                \"unlimitedCover\": false\n              },\n              \"financialDefaultOfTravelProviders\": {\n                \"covered\": false,\n                \"value\": 0,\n                \"unlimitedCover\": false\n              },\n              \"personalLiability\": {\n                \"covered\": true,\n                \"value\": 300000,\n                \"unlimitedCover\": false\n              },\n              \"overseasEmergencyEvacuationAndRepatriation\": {\n                \"covered\": true,\n                \"value\": 100000,\n                \"unlimitedCover\": false\n              },\n              \"overseasEmergencyDentalExpenses\": {\n                \"covered\": false,\n                \"value\": 0,\n                \"unlimitedCover\": false\n              },\n              \"overseasFuneralExpenses\": {\n                \"covered\": false,\n                \"value\": 0,\n                \"unlimitedCover\": false\n              },\n              \"hospitalCashAllowance\": {\n                \"covered\": false,\n                \"value\": 0,\n                \"unlimitedCover\": false\n              },\n              \"fraudulentUseOfCreditOrDebitCards\": {\n                \"covered\": true,\n                \"value\": 3000,\n                \"unlimitedCover\": false\n              },\n              \"domesticPets\": {\n                \"covered\": false,\n                \"value\": 0,\n                \"unlimitedCover\": false\n              },\n              \"domesticServices\": {\n                \"covered\": false,\n                \"value\": 0,\n                \"unlimitedCover\": false\n              },\n              \"hijack\": {\n                \"covered\": false,\n                \"value\": 0,\n                \"unlimitedCover\": false\n              },\n              \"lossOfIncome\": {\n                \"covered\": false,\n                \"value\": 0,\n                \"unlimitedCover\": false\n              },\n              \"permanentDisability\": {\n                \"covered\": false,\n                \"value\": 0,\n                \"unlimitedCover\": false\n              },\n              \"accidentalDeath\": {\n                \"covered\": true,\n                \"value\": 25000,\n                \"unlimitedCover\": false\n              }\n            },\n            \"adventureSports\": {\n              \"overseasEmergencyMedicalAssistanceCovered\": false,\n              \"overseasEmergencyMedicalAndHospitalExpenses\": {\n                \"covered\": false,\n                \"value\": 0,\n                \"unlimitedCover\": false\n              },\n              \"ownEquipmentLossOrDamage\": {\n                \"covered\": false,\n                \"value\": 0,\n                \"unlimitedCover\": false\n              },\n              \"equipmentHireLossOrDamage\": {\n                \"covered\": false,\n                \"value\": 0,\n                \"unlimitedCover\": false\n              },\n              \"unusedAdventureSportsPrepaidCosts\": {\n                \"covered\": false,\n                \"value\": 0,\n                \"unlimitedCover\": false\n              },\n              \"abseilingCovered\": false,\n              \"bungyJumpingBridgeSwingingGorgeSwingingCanyonSwingingCovered\": true,\n              \"canoeingGrade1And2RapidsOrLowerCovered\": true,\n              \"canoeingGrade3And4RapidsCovered\": true,\n              \"canoeingGrade5RapidsCovered\": true,\n              \"canyoningCovered\": true,\n              \"cavingCaveTubingCovered\": false,\n              \"contactSportsAmateurCovered\": true,\n              \"scubaDivingToDepthOf30MetresCovered\": true,\n              \"scubaDivingToDepthOf40MetresCovered\": true,\n              \"hangGlidingParaGlidingSoloCovered\": false,\n              \"hikingTrekkingTrampingTo2000MetresCovered\": true,\n              \"hikingTrekkingTrampingTo4000MetresCovered\": true,\n              \"hikingTrekkingTrampingTo6000MetresCovered\": true,\n              \"kayakingGrade1And2RapidsOrLowerCovered\": true,\n              \"kayakingGrade3And4RapidsCovered\": true,\n              \"motorcycling125ccAndOverCovered\": false,\n              \"outdoorRockClimbingWithRopesAndSafetyGearCovered\": false,\n              \"parachutingSkyDivingSoloCovered\": true,\n              \"parachutingSkyDivingTandemWithInstructorCovered\": true,\n              \"paraglidingOrParasailingCovered\": false,\n              \"paraglidingOrParasailingTandemWithLicensedInstructorCovered\": false,\n              \"potholingCovered\": false,\n              \"raftingWhiteBlackWaterGrade1And2RapidsCovered\": true,\n              \"raftingWhiteBlackWaterGrade3And4RapidsCovered\": true,\n              \"raftingWhiteOrBlackWaterGrade5RapidsCovered\": true,\n              \"riverTubingCovered\": true,\n              \"tubingAmateurNoStuntsRampsCovered\": true\n            }\n          },\n          \"pandemicCover\": {\n            \"cover\": false,\n            \"medical\": \"No Cover\",\n            \"cancelPriorToDeparture\": \"No Cover\",\n            \"cancelWhileOverseas\": \"No Cover\",\n            \"additionalExpenses\": \"No Cover\"\n          }\n        },\n        {\n          \"quoteReference\": \"64c6cb9d-3322-4c7d-9f45-f39371a7cebe\",\n          \"handoverUrl\": \"https://test-insurance.everyday.com.au/quoteline/travel.html/retrieveQuote?interchange_token=eyJhbGciOiJIUzI1NiIsInR5cCI6IkpXVCJ9.eyJpbnRlcmNoYW5nZWlkIjoiZDhmMzljOTEtYmJkMC00YTIwLWI2NTctMzU3ODU4OWQ3MjU5IiwibmJmIjoxNzE3Mzg2MzA0LCJleHAiOjE3MTczODgxMDQsImlhdCI6MTcxNzM4NjMwNCwiaXNzIjoiaHR0cHM6Ly90dmwtcXVvdGVzLmNvbSIsImF1ZCI6Imh0dHBzOi8vdHZsLXF1b3Rlcy5jb20vaW50ZXJjaGFuZ2UifQ.hBplyvB_mRm7ilzslxyBCUbRkKac-OyusZO2wWvhRxw&utm_source=ctm&utm_campaign=woolworths_insurance&utm_medium=aff&utm_content=CTM-Q-CTM-TRAVEL-14\",\n          \"pdsUrl\": \"https://api-staging.nibtravelinsurance.com/products/v1/edi/regulatoryWordingDocuments/AUSTA/2\",\n          \"tmdUrl\": \"https://media.nibtravelinsurance.com.au/everydayinsurance/domestic-tmd.pdf\",\n          \"premium\": 173.55,\n          \"excess\": 100,\n          \"underwriter\": \"Pacific International (AU)\",\n          \"productCode\": 85,\n          \"productName\": \"Standard Domestic\",\n          \"offer\": {},\n          \"allowsMedicalAssessment\": false,\n          \"journeyDefinition\": \"for international plans: In the case of the Comprehensive, Standard and Basic plans: it means travel during the period between the start date and the end date listed on your Certificate of Insurance. The trip must start or end at your home in Australia. In the case of the Frequent Traveller plan, trip(s) means any travel up to 45 days in duration between the start date and end date shown on your Certificate of Insurance. Each trip must: Start and end at your home in Australia, and be to a destination of at least 200km from your home in Australia, and include travel by either pre-paid scheduled public transport or hire car, or include at least one night of pre-booked publicly available accommodation. The period of travel cannot be altered without our consent. For Domestic plans: travel during the period between the start date and the end date listed on your Certificate of Insurance. The trip must start or end at your home in Australia. The period of travel cannot be altered without our consent. For Diving Underwater (SCUBA Diving) - must hold an open water diving licence or are diving under licensed instruction.\",\n          \"dependantDefinition\": \"A Child is under 25 years of age, and working less than 30 hours per week. They can be your child, stepchild, grandchild, foster child, or a child for whom you are legal guardian, who is travelling with you on the same itinerary for the entire duration of your trip.\",\n          \"countriesExcluded\": [],\n          \"countriesIncluded\": [],\n          \"benefits\": {\n            \"general\": {\n              \"overseasEmergencyMedicalAndHospitalExpenses\": {\n                \"covered\": false,\n                \"value\": 0,\n                \"unlimitedCover\": false\n              },\n              \"overseasEmergencyAssistanceCovered\": false,\n              \"cancellationOrLostDeposits\": {\n                \"covered\": true,\n                \"value\": 1500,\n                \"unlimitedCover\": false\n              },\n              \"travelAgentFees\": {\n                \"covered\": false,\n                \"value\": 0,\n                \"unlimitedCover\": false\n              },\n              \"additionalExpenses\": {\n                \"covered\": true,\n                \"value\": 1500,\n                \"unlimitedCover\": false\n              },\n              \"alternativeTransportExpenses\": {\n                \"covered\": false,\n                \"value\": 0,\n                \"unlimitedCover\": false\n              },\n              \"delayExpenses\": {\n                \"covered\": true,\n                \"value\": 500,\n                \"unlimitedCover\": false\n              },\n              \"luggageAndPersonalEffects\": {\n                \"covered\": true,\n                \"value\": 2000,\n                \"unlimitedCover\": false\n              },\n              \"luggageAndPersonalEffectsDelayExpenses\": {\n                \"covered\": true,\n                \"value\": 200,\n                \"unlimitedCover\": false\n              },\n              \"mobilePhonesAndTablets\": {\n                \"covered\": true,\n                \"value\": 500,\n                \"unlimitedCover\": false\n              },\n              \"computersVideoRecordersCameras\": {\n                \"covered\": true,\n                \"value\": 500,\n                \"unlimitedCover\": false\n              },\n              \"travelDocsTransactionCardsTravellersCheques\": {\n                \"covered\": false,\n                \"value\": 0,\n                \"unlimitedCover\": false\n              },\n              \"theftOfCash\": {\n                \"covered\": false,\n                \"value\": 0,\n                \"unlimitedCover\": false\n              },\n              \"rentalVehicleExcessInsurance\": {\n                \"covered\": false,\n                \"value\": 0,\n                \"unlimitedCover\": false\n              },\n              \"financialDefaultOfTravelProviders\": {\n                \"covered\": false,\n                \"value\": 0,\n                \"unlimitedCover\": false\n              },\n              \"personalLiability\": {\n                \"covered\": false,\n                \"value\": 0,\n                \"unlimitedCover\": false\n              },\n              \"overseasEmergencyEvacuationAndRepatriation\": {\n                \"covered\": true,\n                \"value\": 50000,\n                \"unlimitedCover\": false\n              },\n              \"overseasEmergencyDentalExpenses\": {\n                \"covered\": false,\n                \"value\": 0,\n                \"unlimitedCover\": false\n              },\n              \"overseasFuneralExpenses\": {\n                \"covered\": false,\n                \"value\": 0,\n                \"unlimitedCover\": false\n              },\n              \"hospitalCashAllowance\": {\n                \"covered\": false,\n                \"value\": 0,\n                \"unlimitedCover\": false\n              },\n              \"fraudulentUseOfCreditOrDebitCards\": {\n                \"covered\": false,\n                \"value\": 0,\n                \"unlimitedCover\": false\n              },\n              \"domesticPets\": {\n                \"covered\": false,\n                \"value\": 0,\n                \"unlimitedCover\": false\n              },\n              \"domesticServices\": {\n                \"covered\": false,\n                \"value\": 0,\n                \"unlimitedCover\": false\n              },\n              \"hijack\": {\n                \"covered\": false,\n                \"value\": 0,\n                \"unlimitedCover\": false\n              },\n              \"lossOfIncome\": {\n                \"covered\": false,\n                \"value\": 0,\n                \"unlimitedCover\": false\n              },\n              \"permanentDisability\": {\n                \"covered\": false,\n                \"value\": 0,\n                \"unlimitedCover\": false\n              },\n              \"accidentalDeath\": {\n                \"covered\": true,\n                \"value\": 10000,\n                \"unlimitedCover\": false\n              }\n            },\n            \"adventureSports\": {\n              \"overseasEmergencyMedicalAssistanceCovered\": false,\n              \"overseasEmergencyMedicalAndHospitalExpenses\": {\n                \"covered\": false,\n                \"value\": 0,\n                \"unlimitedCover\": false\n              },\n              \"ownEquipmentLossOrDamage\": {\n                \"covered\": false,\n                \"value\": 0,\n                \"unlimitedCover\": false\n              },\n              \"equipmentHireLossOrDamage\": {\n                \"covered\": false,\n                \"value\": 0,\n                \"unlimitedCover\": false\n              },\n              \"unusedAdventureSportsPrepaidCosts\": {\n                \"covered\": false,\n                \"value\": 0,\n                \"unlimitedCover\": false\n              },\n              \"abseilingCovered\": false,\n              \"bungyJumpingBridgeSwingingGorgeSwingingCanyonSwingingCovered\": true,\n              \"canoeingGrade1And2RapidsOrLowerCovered\": true,\n              \"canoeingGrade3And4RapidsCovered\": true,\n              \"canoeingGrade5RapidsCovered\": true,\n              \"canyoningCovered\": true,\n              \"cavingCaveTubingCovered\": false,\n              \"contactSportsAmateurCovered\": true,\n              \"scubaDivingToDepthOf30MetresCovered\": true,\n              \"scubaDivingToDepthOf40MetresCovered\": true,\n              \"hangGlidingParaGlidingSoloCovered\": false,\n              \"hikingTrekkingTrampingTo2000MetresCovered\": true,\n              \"hikingTrekkingTrampingTo4000MetresCovered\": true,\n              \"hikingTrekkingTrampingTo6000MetresCovered\": true,\n              \"kayakingGrade1And2RapidsOrLowerCovered\": true,\n              \"kayakingGrade3And4RapidsCovered\": true,\n              \"motorcycling125ccAndOverCovered\": false,\n              \"outdoorRockClimbingWithRopesAndSafetyGearCovered\": false,\n              \"parachutingSkyDivingSoloCovered\": true,\n              \"parachutingSkyDivingTandemWithInstructorCovered\": true,\n              \"paraglidingOrParasailingCovered\": false,\n              \"paraglidingOrParasailingTandemWithLicensedInstructorCovered\": false,\n              \"potholingCovered\": false,\n              \"raftingWhiteBlackWaterGrade1And2RapidsCovered\": true,\n              \"raftingWhiteBlackWaterGrade3And4RapidsCovered\": true,\n              \"raftingWhiteOrBlackWaterGrade5RapidsCovered\": true,\n              \"riverTubingCovered\": true,\n              \"tubingAmateurNoStuntsRampsCovered\": true\n            }\n          },\n          \"pandemicCover\": {\n            \"cover\": false,\n            \"medical\": \"No Cover\",\n            \"cancelPriorToDeparture\": \"No Cover\",\n            \"cancelWhileOverseas\": \"No Cover\",\n            \"additionalExpenses\": \"No Cover\"\n          }\n        }\n      ]\n    }\n  }\n]",
              "code": "const response = await axios.post(\n    config.apiEndpoint,\n    testCase.request,\n    { headers: { 'Content-Type': 'application/json',\n                     'x-api-key': config.apiKey // add x-api-key\n        } }\n);\nexpect(response.status).to.equal(200);\naddContext(this, { title: 'Request Data', value: testCase.request });\naddContext(this, { title: 'Response Data', value: response.data });\n// Log request and response data\nconsole.log(\"Request Data:\", JSON.stringify(testCase.request, null, 2));\nconsole.log(\"Response Data:\", JSON.stringify(response.data, null, 2));",
              "err": {},
              "uuid": "3bd2d5bd-e9fd-4af5-9458-380e1d6d7976",
              "parentUUID": "b046d910-d384-4b9c-8dff-46f5ed3766e4",
              "isHook": false,
              "skipped": false
            },
            {
              "title": "multi destinations International trip - Expected Status: 200",
              "fullTitle": "API Success Scenarios multi destinations International trip - Expected Status: 200",
              "timedOut": false,
              "duration": 8427,
              "state": "passed",
              "speed": "slow",
              "pass": true,
              "fail": false,
              "pending": false,
              "context": "[\n  {\n    \"title\": \"Request Data\",\n    \"value\": {\n      \"quoteTransactionId\": \"Q-CTM-TRAVEL-14\",\n      \"policyType\": \"SINGLE\",\n      \"travellerAges\": [\n        37,\n        37\n      ],\n      \"travellerChildAges\": [\n        2,\n        4,\n        6,\n        8,\n        10,\n        15\n      ],\n      \"contactDetails\": {\n        \"firstName\": \"Dennis\",\n        \"lastName\": \"Reynolds\",\n        \"email\": \"dennis@paddys.com\"\n      },\n      \"singleTripDetails\": {\n        \"fromDate\": \"2024-06-03\",\n        \"toDate\": \"2024-06-13\"\n      },\n      \"annualCoverDetails\": {\n        \"startDate\": \"2024-06-13\",\n        \"maxTripDuration\": 30\n      },\n      \"destinations\": [\n        \"USA\",\n        \"FRA\"\n      ],\n      \"extraCover\": {\n        \"cruising\": false,\n        \"snowSports\": false\n      },\n      \"coverLevels\": {\n        \"tripCancellation\": \"NO_COVER\",\n        \"luggage\": \"NO_COVER\",\n        \"carRentalExcess\": \"NO_COVER\",\n        \"excess\": \"ONE_HUNDRED\",\n        \"overseasMedical\": \"NO_COVER\",\n        \"additionalExpenses\": \"NO_COVER\"\n      },\n      \"allowsMedicalAssessment\": false\n    }\n  },\n  {\n    \"title\": \"Response Data\",\n    \"value\": {\n      \"companyInfo\": \"Take off with Travel Insurance that can land you rewards. With Everyday Travel Insurance, you can get on with enjoying your trip. Explore our range of International, Domestic and Frequent Traveller policies and select the level of cover that may offer peace of mind for your journey. Everyday Travel Insurance from Woolworths - Partnered with nib. Woolworths Group Limited, ABN 88 000 014 675, AR 245476 is an authorised representative of nib Travel Services (Australia) Pty Ltd (nib), ABN 81 115 932 173, AFSL 308461 and act as nib's agent and not as your agent. This is general advice only. Before you buy, you should consider your needs, the Product Disclosure Statement (PDS), Financial Services Guide (FSG) Target Market Determination (TMD) available from us. This insurance is underwritten by Pacific International Insurance Pty Ltd, ABN 83 169 311 193.\",\n      \"quotes\": [\n        {\n          \"quoteReference\": \"f451f488-aee6-459b-907a-4407912aa6b1\",\n          \"handoverUrl\": \"https://test-insurance.everyday.com.au/quoteline/travel.html/retrieveQuote?interchange_token=eyJhbGciOiJIUzI1NiIsInR5cCI6IkpXVCJ9.eyJpbnRlcmNoYW5nZWlkIjoiMjI4N2Y3NjgtN2YzMy00YjcxLWEzNGYtOGYyNTdlMmM1YmU5IiwibmJmIjoxNzE3Mzg2MzA5LCJleHAiOjE3MTczODgxMDksImlhdCI6MTcxNzM4NjMwOSwiaXNzIjoiaHR0cHM6Ly90dmwtcXVvdGVzLmNvbSIsImF1ZCI6Imh0dHBzOi8vdHZsLXF1b3Rlcy5jb20vaW50ZXJjaGFuZ2UifQ.NBf4nyRALzaGYPfgudUoTZwQUMIwlK2ZFlklRGozSmc&utm_source=ctm&utm_campaign=woolworths_insurance&utm_medium=aff&utm_content=CTM-Q-CTM-TRAVEL-14\",\n          \"pdsUrl\": \"https://api-staging.nibtravelinsurance.com/products/v1/edi/regulatoryWordingDocuments/INTCOM/2\",\n          \"tmdUrl\": \"https://media.nibtravelinsurance.com.au/everydayinsurance/international-tmd.pdf\",\n          \"premium\": 424.11,\n          \"excess\": 100,\n          \"underwriter\": \"Pacific International (AU)\",\n          \"productCode\": 79,\n          \"productName\": \"Comprehensive\",\n          \"offer\": {},\n          \"allowsMedicalAssessment\": true,\n          \"journeyDefinition\": \"for international plans: In the case of the Comprehensive, Standard and Basic plans: it means travel during the period between the start date and the end date listed on your Certificate of Insurance. The trip must start or end at your home in Australia. In the case of the Frequent Traveller plan, trip(s) means any travel up to 45 days in duration between the start date and end date shown on your Certificate of Insurance. Each trip must: Start and end at your home in Australia, and be to a destination of at least 200km from your home in Australia, and include travel by either pre-paid scheduled public transport or hire car, or include at least one night of pre-booked publicly available accommodation. The period of travel cannot be altered without our consent. For Domestic plans: travel during the period between the start date and the end date listed on your Certificate of Insurance. The trip must start or end at your home in Australia. The period of travel cannot be altered without our consent. For Diving Underwater (SCUBA Diving) - must hold an open water diving licence or are diving under licensed instruction.\",\n          \"dependantDefinition\": \"A Child is under 25 years of age, and working less than 30 hours per week. They can be your child, stepchild, grandchild, foster child, or a child for whom you are legal guardian, who is travelling with you on the same itinerary for the entire duration of your trip.\",\n          \"countriesExcluded\": [],\n          \"countriesIncluded\": [],\n          \"benefits\": {\n            \"general\": {\n              \"overseasEmergencyMedicalAndHospitalExpenses\": {\n                \"covered\": true,\n                \"value\": 0,\n                \"unlimitedCover\": true\n              },\n              \"overseasEmergencyAssistanceCovered\": true,\n              \"cancellationOrLostDeposits\": {\n                \"covered\": true,\n                \"value\": 5000,\n                \"unlimitedCover\": false\n              },\n              \"travelAgentFees\": {\n                \"covered\": false,\n                \"value\": 0,\n                \"unlimitedCover\": false\n              },\n              \"additionalExpenses\": {\n                \"covered\": true,\n                \"value\": 5000,\n                \"unlimitedCover\": false\n              },\n              \"alternativeTransportExpenses\": {\n                \"covered\": false,\n                \"value\": 0,\n                \"unlimitedCover\": false\n              },\n              \"delayExpenses\": {\n                \"covered\": true,\n                \"value\": 2000,\n                \"unlimitedCover\": false\n              },\n              \"luggageAndPersonalEffects\": {\n                \"covered\": true,\n                \"value\": 12000,\n                \"unlimitedCover\": false\n              },\n              \"luggageAndPersonalEffectsDelayExpenses\": {\n                \"covered\": true,\n                \"value\": 500,\n                \"unlimitedCover\": false\n              },\n              \"mobilePhonesAndTablets\": {\n                \"covered\": true,\n                \"value\": 1000,\n                \"unlimitedCover\": false\n              },\n              \"computersVideoRecordersCameras\": {\n                \"covered\": true,\n                \"value\": 4000,\n                \"unlimitedCover\": false\n              },\n              \"travelDocsTransactionCardsTravellersCheques\": {\n                \"covered\": true,\n                \"value\": 3000,\n                \"unlimitedCover\": false\n              },\n              \"theftOfCash\": {\n                \"covered\": true,\n                \"value\": 250,\n                \"unlimitedCover\": false\n              },\n              \"rentalVehicleExcessInsurance\": {\n                \"covered\": true,\n                \"value\": 5000,\n                \"unlimitedCover\": false\n              },\n              \"financialDefaultOfTravelProviders\": {\n                \"covered\": false,\n                \"value\": 0,\n                \"unlimitedCover\": false\n              },\n              \"personalLiability\": {\n                \"covered\": true,\n                \"value\": 2500000,\n                \"unlimitedCover\": false\n              },\n              \"overseasEmergencyEvacuationAndRepatriation\": {\n                \"covered\": true,\n                \"value\": 0,\n                \"unlimitedCover\": true\n              },\n              \"overseasEmergencyDentalExpenses\": {\n                \"covered\": true,\n                \"value\": 1000,\n                \"unlimitedCover\": false\n              },\n              \"overseasFuneralExpenses\": {\n                \"covered\": true,\n                \"value\": 25000,\n                \"unlimitedCover\": false\n              },\n              \"hospitalCashAllowance\": {\n                \"covered\": true,\n                \"value\": 8000,\n                \"unlimitedCover\": false\n              },\n              \"fraudulentUseOfCreditOrDebitCards\": {\n                \"covered\": true,\n                \"value\": 3000,\n                \"unlimitedCover\": false\n              },\n              \"domesticPets\": {\n                \"covered\": false,\n                \"value\": 0,\n                \"unlimitedCover\": false\n              },\n              \"domesticServices\": {\n                \"covered\": true,\n                \"value\": 0,\n                \"unlimitedCover\": true\n              },\n              \"hijack\": {\n                \"covered\": false,\n                \"value\": 0,\n                \"unlimitedCover\": false\n              },\n              \"lossOfIncome\": {\n                \"covered\": true,\n                \"value\": 10000,\n                \"unlimitedCover\": false\n              },\n              \"permanentDisability\": {\n                \"covered\": true,\n                \"value\": 12500,\n                \"unlimitedCover\": false\n              },\n              \"accidentalDeath\": {\n                \"covered\": true,\n                \"value\": 25000,\n                \"unlimitedCover\": false\n              }\n            },\n            \"adventureSports\": {\n              \"overseasEmergencyMedicalAssistanceCovered\": false,\n              \"overseasEmergencyMedicalAndHospitalExpenses\": {\n                \"covered\": false,\n                \"value\": 0,\n                \"unlimitedCover\": false\n              },\n              \"ownEquipmentLossOrDamage\": {\n                \"covered\": false,\n                \"value\": 0,\n                \"unlimitedCover\": false\n              },\n              \"equipmentHireLossOrDamage\": {\n                \"covered\": false,\n                \"value\": 0,\n                \"unlimitedCover\": false\n              },\n              \"unusedAdventureSportsPrepaidCosts\": {\n                \"covered\": false,\n                \"value\": 0,\n                \"unlimitedCover\": false\n              },\n              \"abseilingCovered\": false,\n              \"bungyJumpingBridgeSwingingGorgeSwingingCanyonSwingingCovered\": true,\n              \"canoeingGrade1And2RapidsOrLowerCovered\": true,\n              \"canoeingGrade3And4RapidsCovered\": true,\n              \"canoeingGrade5RapidsCovered\": true,\n              \"canyoningCovered\": true,\n              \"cavingCaveTubingCovered\": false,\n              \"contactSportsAmateurCovered\": true,\n              \"scubaDivingToDepthOf30MetresCovered\": true,\n              \"scubaDivingToDepthOf40MetresCovered\": true,\n              \"hangGlidingParaGlidingSoloCovered\": false,\n              \"hikingTrekkingTrampingTo2000MetresCovered\": true,\n              \"hikingTrekkingTrampingTo4000MetresCovered\": true,\n              \"hikingTrekkingTrampingTo6000MetresCovered\": true,\n              \"kayakingGrade1And2RapidsOrLowerCovered\": true,\n              \"kayakingGrade3And4RapidsCovered\": true,\n              \"motorcycling125ccAndOverCovered\": false,\n              \"outdoorRockClimbingWithRopesAndSafetyGearCovered\": false,\n              \"parachutingSkyDivingSoloCovered\": true,\n              \"parachutingSkyDivingTandemWithInstructorCovered\": true,\n              \"paraglidingOrParasailingCovered\": false,\n              \"paraglidingOrParasailingTandemWithLicensedInstructorCovered\": false,\n              \"potholingCovered\": false,\n              \"raftingWhiteBlackWaterGrade1And2RapidsCovered\": true,\n              \"raftingWhiteBlackWaterGrade3And4RapidsCovered\": true,\n              \"raftingWhiteOrBlackWaterGrade5RapidsCovered\": true,\n              \"riverTubingCovered\": true,\n              \"tubingAmateurNoStuntsRampsCovered\": true\n            }\n          },\n          \"pandemicCover\": {\n            \"cover\": true,\n            \"medical\": \"Cover is provided for overseas medical expenses you incur if you are diagnosed with COVID-19 while on your trip. Unlimited.\",\n            \"cancelPriorToDeparture\": \"Cover is provided if you or your travelling companion are diagnosed with COVID-19 prior to your departure and as a result you cancel your trip. Limit $10,000.\",\n            \"cancelWhileOverseas\": \"Cover is provided if you or your travelling companion are diagnosed with COVID-19 while overseas and as a result you cut your trip short. Limit $10,000.\",\n            \"additionalExpenses\": \"Cover is provided if you are diagnosed with COVID-19 and incur additional accommodation, travel, or quarantine expenses during your trip. Limit $10,000.\"\n          }\n        },\n        {\n          \"quoteReference\": \"a214dd46-7c32-4870-a763-9d82e9d07da9\",\n          \"handoverUrl\": \"https://test-insurance.everyday.com.au/quoteline/travel.html/retrieveQuote?interchange_token=eyJhbGciOiJIUzI1NiIsInR5cCI6IkpXVCJ9.eyJpbnRlcmNoYW5nZWlkIjoiZWYyNzZkODAtZWNkZC00OTM1LWFiNGItZDI0NzZhNzEwZmQ5IiwibmJmIjoxNzE3Mzg2MzExLCJleHAiOjE3MTczODgxMTEsImlhdCI6MTcxNzM4NjMxMSwiaXNzIjoiaHR0cHM6Ly90dmwtcXVvdGVzLmNvbSIsImF1ZCI6Imh0dHBzOi8vdHZsLXF1b3Rlcy5jb20vaW50ZXJjaGFuZ2UifQ.ZDj3Qi3RMzT_c3L345LcKnzENFi_KCq5u01x1kv043Q&utm_source=ctm&utm_campaign=woolworths_insurance&utm_medium=aff&utm_content=CTM-Q-CTM-TRAVEL-14\",\n          \"pdsUrl\": \"https://api-staging.nibtravelinsurance.com/products/v1/edi/regulatoryWordingDocuments/INTSTA/2\",\n          \"tmdUrl\": \"https://media.nibtravelinsurance.com.au/everydayinsurance/international-tmd.pdf\",\n          \"premium\": 320.55,\n          \"excess\": 100,\n          \"underwriter\": \"Pacific International (AU)\",\n          \"productCode\": 81,\n          \"productName\": \"Standard\",\n          \"offer\": {},\n          \"allowsMedicalAssessment\": false,\n          \"journeyDefinition\": \"for international plans: In the case of the Comprehensive, Standard and Basic plans: it means travel during the period between the start date and the end date listed on your Certificate of Insurance. The trip must start or end at your home in Australia. In the case of the Frequent Traveller plan, trip(s) means any travel up to 45 days in duration between the start date and end date shown on your Certificate of Insurance. Each trip must: Start and end at your home in Australia, and be to a destination of at least 200km from your home in Australia, and include travel by either pre-paid scheduled public transport or hire car, or include at least one night of pre-booked publicly available accommodation. The period of travel cannot be altered without our consent. For Domestic plans: travel during the period between the start date and the end date listed on your Certificate of Insurance. The trip must start or end at your home in Australia. The period of travel cannot be altered without our consent. For Diving Underwater (SCUBA Diving) - must hold an open water diving licence or are diving under licensed instruction.\",\n          \"dependantDefinition\": \"A Child is under 25 years of age, and working less than 30 hours per week. They can be your child, stepchild, grandchild, foster child, or a child for whom you are legal guardian, who is travelling with you on the same itinerary for the entire duration of your trip.\",\n          \"countriesExcluded\": [],\n          \"countriesIncluded\": [],\n          \"benefits\": {\n            \"general\": {\n              \"overseasEmergencyMedicalAndHospitalExpenses\": {\n                \"covered\": true,\n                \"value\": 0,\n                \"unlimitedCover\": true\n              },\n              \"overseasEmergencyAssistanceCovered\": true,\n              \"cancellationOrLostDeposits\": {\n                \"covered\": true,\n                \"value\": 2500,\n                \"unlimitedCover\": false\n              },\n              \"travelAgentFees\": {\n                \"covered\": false,\n                \"value\": 0,\n                \"unlimitedCover\": false\n              },\n              \"additionalExpenses\": {\n                \"covered\": true,\n                \"value\": 2500,\n                \"unlimitedCover\": false\n              },\n              \"alternativeTransportExpenses\": {\n                \"covered\": false,\n                \"value\": 0,\n                \"unlimitedCover\": false\n              },\n              \"delayExpenses\": {\n                \"covered\": true,\n                \"value\": 1000,\n                \"unlimitedCover\": false\n              },\n              \"luggageAndPersonalEffects\": {\n                \"covered\": true,\n                \"value\": 5000,\n                \"unlimitedCover\": false\n              },\n              \"luggageAndPersonalEffectsDelayExpenses\": {\n                \"covered\": true,\n                \"value\": 200,\n                \"unlimitedCover\": false\n              },\n              \"mobilePhonesAndTablets\": {\n                \"covered\": true,\n                \"value\": 500,\n                \"unlimitedCover\": false\n              },\n              \"computersVideoRecordersCameras\": {\n                \"covered\": true,\n                \"value\": 500,\n                \"unlimitedCover\": false\n              },\n              \"travelDocsTransactionCardsTravellersCheques\": {\n                \"covered\": true,\n                \"value\": 1000,\n                \"unlimitedCover\": false\n              },\n              \"theftOfCash\": {\n                \"covered\": false,\n                \"value\": 0,\n                \"unlimitedCover\": false\n              },\n              \"rentalVehicleExcessInsurance\": {\n                \"covered\": false,\n                \"value\": 0,\n                \"unlimitedCover\": false\n              },\n              \"financialDefaultOfTravelProviders\": {\n                \"covered\": false,\n                \"value\": 0,\n                \"unlimitedCover\": false\n              },\n              \"personalLiability\": {\n                \"covered\": true,\n                \"value\": 1000000,\n                \"unlimitedCover\": false\n              },\n              \"overseasEmergencyEvacuationAndRepatriation\": {\n                \"covered\": true,\n                \"value\": 500000,\n                \"unlimitedCover\": false\n              },\n              \"overseasEmergencyDentalExpenses\": {\n                \"covered\": true,\n                \"value\": 1000,\n                \"unlimitedCover\": false\n              },\n              \"overseasFuneralExpenses\": {\n                \"covered\": true,\n                \"value\": 15000,\n                \"unlimitedCover\": false\n              },\n              \"hospitalCashAllowance\": {\n                \"covered\": true,\n                \"value\": 5000,\n                \"unlimitedCover\": false\n              },\n              \"fraudulentUseOfCreditOrDebitCards\": {\n                \"covered\": false,\n                \"value\": 0,\n                \"unlimitedCover\": false\n              },\n              \"domesticPets\": {\n                \"covered\": false,\n                \"value\": 0,\n                \"unlimitedCover\": false\n              },\
[...]
\"Q-CTM-TRAVEL-14\",\n      \"policyType\": \"SINGLE\",\n      \"travellerAges\": [\n        37,\n        37\n      ],\n      \"travellerChildAges\": [\n        2,\n        4,\n        6,\n        8,\n        10,\n        15\n      ],\n      \"contactDetails\": {\n        \"firstName\": \"Dennis\",\n        \"lastName\": \"Reynolds\",\n        \"email\": \"dennis@paddys.com\"\n      },\n      \"singleTripDetails\": {\n        \"fromDate\": \"2024-06-03\",\n        \"toDate\": \"2024-06-13\"\n      },\n      \"annualCoverDetails\": {\n        \"startDate\": \"2024-06-13\",\n        \"maxTripDuration\": 30\n      },\n      \"destinations\": [\n        \"GBR\"\n      ],\n      \"extraCover\": {\n        \"cruising\": false,\n        \"snowSports\": false\n      },\n      \"coverLevels\": {\n        \"tripCancellation\": \"NO_COVER\",\n        \"luggage\": \"NO_COVER\",\n        \"carRentalExcess\": \"NO_COVER\",\n        \"excess\": \"ONE_HUNDRED\",\n        \"overseasMedical\": \"invalid\",\n        \"additionalExpenses\": \"NO_COVER\"\n      },\n      \"allowsMedicalAssessment\": false\n    }\n  },\n  {\n    \"title\": \"Response Data\",\n    \"value\": {\n      \"companyInfo\": \"Take off with Travel Insurance that can land you rewards. With Everyday Travel Insurance, you can get on with enjoying your trip. Explore our range of International, Domestic and Frequent Traveller policies and select the level of cover that may offer peace of mind for your journey. Everyday Travel Insurance from Woolworths - Partnered with nib. Woolworths Group Limited, ABN 88 000 014 675, AR 245476 is an authorised representative of nib Travel Services (Australia) Pty Ltd (nib), ABN 81 115 932 173, AFSL 308461 and act as nib's agent and not as your agent. This is general advice only. Before you buy, you should consider your needs, the Product Disclosure Statement (PDS), Financial Services Guide (FSG) Target Market Determination (TMD) available from us. This insurance is underwritten by Pacific International Insurance Pty Ltd, ABN 83 169 311 193.\",\n      \"quotes\": [],\n      \"error\": [\n        {\n          \"code\": \"ER_OVERSEAS_MEDICAL_INVALID\",\n          \"message\": \"Invalid overseas medical\"\n        }\n      ]\n    }\n  }\n]",
              "code": "try {\n    const response = await axios.post(\n        config.apiEndpoint,\n        testCase.request,\n        { headers: { 'Content-Type': 'application/json',\n                     'x-api-key': config.apiKey // add x-api-key\n        } }\n    );\n    // This should not be called since we expect an error response\n    throw new Error(\"Expected error response, but got success response.\");\n} catch (error) {\n    if (error.response) {\n        const response = error.response;\n        expect(response.status).to.equal(400);\n        const responseBody = response.data.error[0];\n        expect(responseBody.code).to.equal(testCase.expectedErrorMessage.errorCode);\n        expect(responseBody.message).to.equal(testCase.expectedErrorMessage.errorMessage);\n        addContext(this, { title: 'Request Data', value: testCase.request });\n        addContext(this, { title: 'Response Data', value: response.data });\n        // Log request and response data\n        console.log(\"Request Data:\", JSON.stringify(testCase.request, null, 2));\n        console.log(\"Response Data:\", JSON.stringify(response.data, null, 2));\n    } else {\n        throw new Error(`Expected an error response but got: ${error.message}`);\n    }\n}",
              "err": {},
              "uuid": "ff61c095-58e2-42da-a9a0-19cff0748059",
              "parentUUID": "406c6dbf-70b4-4acd-9de2-39c197a2392e",
              "isHook": false,
              "skipped": false
            },
            {
              "title": "invalidAdditionalExpenses - ER_ADDITIONAL_EXPENSES_INVALID - Invalid additional expenses",
              "fullTitle": "API Error Scenarios invalidAdditionalExpenses - ER_ADDITIONAL_EXPENSES_INVALID - Invalid additional expenses",
              "timedOut": false,
              "duration": 3498,
              "state": "passed",
              "speed": "slow",
              "pass": true,
              "fail": false,
              "pending": false,
              "context": "[\n  {\n    \"title\": \"Request Data\",\n    \"value\": {\n      \"quoteTransactionId\": \"Q-CTM-TRAVEL-14\",\n      \"policyType\": \"SINGLE\",\n      \"travellerAges\": [\n        37,\n        37\n      ],\n      \"travellerChildAges\": [\n        2,\n        4,\n        6,\n        8,\n        10,\n        15\n      ],\n      \"contactDetails\": {\n        \"firstName\": \"Dennis\",\n        \"lastName\": \"Reynolds\",\n        \"email\": \"dennis@paddys.com\"\n      },\n      \"singleTripDetails\": {\n        \"fromDate\": \"2024-06-03\",\n        \"toDate\": \"2024-06-13\"\n      },\n      \"annualCoverDetails\": {\n        \"startDate\": \"2024-06-13\",\n        \"maxTripDuration\": 30\n      },\n      \"destinations\": [\n        \"AUS\"\n      ],\n      \"extraCover\": {\n        \"cruising\": false,\n        \"snowSports\": false\n      },\n      \"coverLevels\": {\n        \"tripCancellation\": \"NO_COVER\",\n        \"luggage\": \"NO_COVER\",\n        \"carRentalExcess\": \"NO_COVER\",\n        \"excess\": \"ONE_HUNDRED\",\n        \"overseasMedical\": \"NO_COVER\",\n        \"additionalExpenses\": \"invalid\"\n      },\n      \"allowsMedicalAssessment\": false\n    }\n  },\n  {\n    \"title\": \"Response Data\",\n    \"value\": {\n      \"companyInfo\": \"Take off with Travel Insurance that can land you rewards. With Everyday Travel Insurance, you can get on with enjoying your trip. Explore our range of International, Domestic and Frequent Traveller policies and select the level of cover that may offer peace of mind for your journey. Everyday Travel Insurance from Woolworths - Partnered with nib. Woolworths Group Limited, ABN 88 000 014 675, AR 245476 is an authorised representative of nib Travel Services (Australia) Pty Ltd (nib), ABN 81 115 932 173, AFSL 308461 and act as nib's agent and not as your agent. This is general advice only. Before you buy, you should consider your needs, the Product Disclosure Statement (PDS), Financial Services Guide (FSG) Target Market Determination (TMD) available from us. This insurance is underwritten by Pacific International Insurance Pty Ltd, ABN 83 169 311 193.\",\n      \"quotes\": [],\n      \"error\": [\n        {\n          \"code\": \"ER_ADDITIONAL_EXPENSES_INVALID\",\n          \"message\": \"Invalid additional expenses\"\n        }\n      ]\n    }\n  }\n]",
              "code": "try {\n    const response = await axios.post(\n        config.apiEndpoint,\n        testCase.request,\n        { headers: { 'Content-Type': 'application/json',\n                     'x-api-key': config.apiKey // add x-api-key\n        } }\n    );\n    // This should not be called since we expect an error response\n    throw new Error(\"Expected error response, but got success response.\");\n} catch (error) {\n    if (error.response) {\n        const response = error.response;\n        expect(response.status).to.equal(400);\n        const responseBody = response.data.error[0];\n        expect(responseBody.code).to.equal(testCase.expectedErrorMessage.errorCode);\n        expect(responseBody.message).to.equal(testCase.expectedErrorMessage.errorMessage);\n        addContext(this, { title: 'Request Data', value: testCase.request });\n        addContext(this, { title: 'Response Data', value: response.data });\n        // Log request and response data\n        console.log(\"Request Data:\", JSON.stringify(testCase.request, null, 2));\n        console.log(\"Response Data:\", JSON.stringify(response.data, null, 2));\n    } else {\n        throw new Error(`Expected an error response but got: ${error.message}`);\n    }\n}",
              "err": {},
              "uuid": "e15abe1e-3d97-4cfe-9a0e-fcf287f38531",
              "parentUUID": "406c6dbf-70b4-4acd-9de2-39c197a2392e",
              "isHook": false,
              "skipped": false
            },
            {
              "title": "missingAllowsMedicalAssessment - ER_MEDICAL_CONDITION_MISSING - Medical condition field missing",
              "fullTitle": "API Error Scenarios missingAllowsMedicalAssessment - ER_MEDICAL_CONDITION_MISSING - Medical condition field missing",
              "timedOut": false,
              "duration": 704,
              "state": "passed",
              "speed": "slow",
              "pass": true,
              "fail": false,
              "pending": false,
              "context": "[\n  {\n    \"title\": \"Request Data\",\n    \"value\": {\n      \"quoteTransactionId\": \"Q-CTM-TRAVEL-14\",\n      \"policyType\": \"SINGLE\",\n      \"travellerAges\": [\n        37,\n        37\n      ],\n      \"travellerChildAges\": [\n        2,\n        4,\n        6,\n        8,\n        10,\n        15\n      ],\n      \"contactDetails\": {\n        \"firstName\": \"Dennis\",\n        \"lastName\": \"Reynolds\",\n        \"email\": \"dennis@paddys.com\"\n      },\n      \"singleTripDetails\": {\n        \"fromDate\": \"2024-06-03\",\n        \"toDate\": \"2024-06-13\"\n      },\n      \"annualCoverDetails\": {\n        \"startDate\": \"2024-06-13\",\n        \"maxTripDuration\": 30\n      },\n      \"destinations\": [\n        \"GBR\"\n      ],\n      \"extraCover\": {\n        \"cruising\": false,\n        \"snowSports\": false\n      },\n      \"coverLevels\": {\n        \"tripCancellation\": \"NO_COVER\",\n        \"luggage\": \"NO_COVER\",\n        \"carRentalExcess\": \"NO_COVER\",\n        \"excess\": \"ONE_HUNDRED\",\n        \"overseasMedical\": \"NO_COVER\",\n        \"additionalExpenses\": \"NO_COVER\"\n      }\n    }\n  },\n  {\n    \"title\": \"Response Data\",\n    \"value\": {\n      \"companyInfo\": \"Take off with Travel Insurance that can land you rewards. With Everyday Travel Insurance, you can get on with enjoying your trip. Explore our range of International, Domestic and Frequent Traveller policies and select the level of cover that may offer peace of mind for your journey. Everyday Travel Insurance from Woolworths - Partnered with nib. Woolworths Group Limited, ABN 88 000 014 675, AR 245476 is an authorised representative of nib Travel Services (Australia) Pty Ltd (nib), ABN 81 115 932 173, AFSL 308461 and act as nib's agent and not as your agent. This is general advice only. Before you buy, you should consider your needs, the Product Disclosure Statement (PDS), Financial Services Guide (FSG) Target Market Determination (TMD) available from us. This insurance is underwritten by Pacific International Insurance Pty Ltd, ABN 83 169 311 193.\",\n      \"quotes\": [],\n      \"error\": [\n        {\n          \"code\": \"ER_MEDICAL_CONDITION_MISSING\",\n          \"message\": \"Medical condition field missing\"\n        }\n      ]\n    }\n  }\n]",
              "code": "try {\n    const response = await axios.post(\n        config.apiEndpoint,\n        testCase.request,\n        { headers: { 'Content-Type': 'application/json',\n                     'x-api-key': config.apiKey // add x-api-key\n        } }\n    );\n    // This should not be called since we expect an error response\n    throw new Error(\"Expected error response, but got success response.\");\n} catch (error) {\n    if (error.response) {\n        const response = error.response;\n        expect(response.status).to.equal(400);\n        const responseBody = response.data.error[0];\n        expect(responseBody.code).to.equal(testCase.expectedErrorMessage.errorCode);\n        expect(responseBody.message).to.equal(testCase.expectedErrorMessage.errorMessage);\n        addContext(this, { title: 'Request Data', value: testCase.request });\n        addContext(this, { title: 'Response Data', value: response.data });\n        // Log request and response data\n        console.log(\"Request Data:\", JSON.stringify(testCase.request, null, 2));\n        console.log(\"Response Data:\", JSON.stringify(response.data, null, 2));\n    } else {\n        throw new Error(`Expected an error response but got: ${error.message}`);\n    }\n}",
              "err": {},
              "uuid": "dbd54bc8-fdc8-4765-88ec-e98705142a13",
              "parentUUID": "406c6dbf-70b4-4acd-9de2-39c197a2392e",
              "isHook": false,
              "skipped": false
            },
            {
              "title": "invalidAllowsMedicalAssessment - ER_MEDICAL_CONDITION_INVALID - Invalid medical condition",
              "fullTitle": "API Error Scenarios invalidAllowsMedicalAssessment - ER_MEDICAL_CONDITION_INVALID - Invalid medical condition",
              "timedOut": false,
              "duration": 1082,
              "state": "passed",
              "speed": "slow",
              "pass": true,
              "fail": false,
              "pending": false,
              "context": "[\n  {\n    \"title\": \"Request Data\",\n    \"value\": {\n      \"quoteTransactionId\": \"Q-CTM-TRAVEL-14\",\n      \"policyType\": \"SINGLE\",\n      \"travellerAges\": [\n        37,\n        37\n      ],\n      \"travellerChildAges\": [\n        2,\n        4,\n        6,\n        8,\n        10,\n        15\n      ],\n      \"contactDetails\": {\n        \"firstName\": \"Dennis\",\n        \"lastName\": \"Reynolds\",\n        \"email\": \"dennis@paddys.com\"\n      },\n      \"singleTripDetails\": {\n        \"fromDate\": \"2024-06-03\",\n        \"toDate\": \"2024-06-13\"\n      },\n      \"annualCoverDetails\": {\n        \"startDate\": \"2024-06-13\",\n        \"maxTripDuration\": 30\n      },\n      \"destinations\": [\n        \"GBR\"\n      ],\n      \"extraCover\": {\n        \"cruising\": false,\n        \"snowSports\": false\n      },\n      \"coverLevels\": {\n        \"tripCancellation\": \"NO_COVER\",\n        \"luggage\": \"NO_COVER\",\n        \"carRentalExcess\": \"NO_COVER\",\n        \"excess\": \"ONE_HUNDRED\",\n        \"overseasMedical\": \"NO_COVER\",\n        \"additionalExpenses\": \"NO_COVER\"\n      },\n      \"allowsMedicalAssessment\": \"invalid\"\n    }\n  },\n  {\n    \"title\": \"Response Data\",\n    \"value\": {\n      \"companyInfo\": \"Take off with Travel Insurance that can land you rewards. With Everyday Travel Insurance, you can get on with enjoying your trip. Explore our range of International, Domestic and Frequent Traveller policies and select the level of cover that may offer peace of mind for your journey. Everyday Travel Insurance from Woolworths - Partnered with nib. Woolworths Group Limited, ABN 88 000 014 675, AR 245476 is an authorised representative of nib Travel Services (Australia) Pty Ltd (nib), ABN 81 115 932 173, AFSL 308461 and act as nib's agent and not as your agent. This is general advice only. Before you buy, you should consider your needs, the Product Disclosure Statement (PDS), Financial Services Guide (FSG) Target Market Determination (TMD) available from us. This insurance is underwritten by Pacific International Insurance Pty Ltd, ABN 83 169 311 193.\",\n      \"quotes\": [],\n      \"error\": [\n        {\n          \"code\": \"ER_MEDICAL_CONDITION_INVALID\",\n          \"message\": \"Invalid medical condition\"\n        }\n      ]\n    }\n  }\n]",
              "code": "try {\n    const response = await axios.post(\n        config.apiEndpoint,\n        testCase.request,\n        { headers: { 'Content-Type': 'application/json',\n                     'x-api-key': config.apiKey // add x-api-key\n        } }\n    );\n    // This should not be called since we expect an error response\n    throw new Error(\"Expected error response, but got success response.\");\n} catch (error) {\n    if (error.response) {\n        const response = error.response;\n        expect(response.status).to.equal(400);\n        const responseBody = response.data.error[0];\n        expect(responseBody.code).to.equal(testCase.expectedErrorMessage.errorCode);\n        expect(responseBody.message).to.equal(testCase.expectedErrorMessage.errorMessage);\n        addContext(this, { title: 'Request Data', value: testCase.request });\n        addContext(this, { title: 'Response Data', value: response.data });\n        // Log request and response data\n        console.log(\"Request Data:\", JSON.stringify(testCase.request, null, 2));\n        console.log(\"Response Data:\", JSON.stringify(response.data, null, 2));\n    } else {\n        throw new Error(`Expected an error response but got: ${error.message}`);\n    }\n}",
              "err": {},
              "uuid": "3c4b7d3c-3308-4ca5-a16b-5421c08fd3ce",
              "parentUUID": "406c6dbf-70b4-4acd-9de2-39c197a2392e",
              "isHook": false,
              "skipped": false
            }
          ],
          "suites": [],
          "passes": [
            "6accdf9c-a847-460d-83a6-01551e6d4995",
            "111e9ccc-5fb2-443b-81a2-c74fa53239e5",
            "85dd50b6-26cb-49ea-b99f-d2db4d9104cb",
            "2c6305e3-0961-4e62-a5b1-706d0aa3e32d",
            "45295f82-7a28-491f-af5b-80c24617107c",
            "21a6d6e4-329e-424a-995d-474b86b5a180",
            "8da22a33-cd7a-4858-9506-06ed8a60dc07",
            "96351ca8-dd94-444e-a24e-c166a41a440c",
            "bd8b6771-c431-4501-b886-a539fd82f114",
            "93d26fb1-f92c-4a77-add5-dabc48ba7170",
            "0fb51929-d5ff-48ec-b52a-01ee454ffae3",
            "3dfa08ca-7459-4cb6-b4c8-ac2cd1f2f840",
            "bba56c89-55fa-457d-b312-96ef21f169bc",
            "2e7b4e5d-2f7d-493e-9021-f8a2d94771b7",
            "95cd46e3-40d9-4ce1-8327-015111f7c4bb",
            "d13fcddd-a46e-40d0-8de5-281036346280",
            "66d5bbce-eaee-4ab4-bdfa-f6b07267b69d",
            "3540314d-618f-401a-960f-7770c475fca8",
            "3cbe2abd-50a3-4c92-830d-e2645b8157c3",
            "a4ad3294-c82d-4552-ae18-8800656120aa",
            "4caa129d-6272-46fa-9aff-251adeaf9daf",
            "1f4bd0d9-9f7c-4d52-bef3-35f896b2d1a3",
            "2144a1d0-2ecc-4d3a-98b7-8b88ca3ea066",
            "c58b2fb9-4586-4c81-9670-3a396566facc",
            "2a3a1a97-85cd-4d78-86e6-7906510ad4f0",
            "cb535ea7-9e81-485b-ab6d-c8474072515e",
            "dfa11671-7428-4780-8e04-cba917226177",
            "60b00c21-4076-4fc9-9952-1c1462006968",
            "4253e2c9-e8dd-4837-ac2e-3ce10bb037a0",
            "96b563d1-dae5-4b2a-8b94-9a5430a8aff7",
            "080502c1-9982-49bc-8085-5464d70a6a03",
            "61eb1a8b-5e87-47ac-b564-29a56d61d619",
            "ec7e9209-796a-4f59-b0c5-9cfa235f1769",
            "0c13637d-f734-4ad2-ad2f-3b3ecf1fc73f",
            "7ae8178e-582c-4607-9be8-c26fb95c7253",
            "f2251ecb-193d-44b9-9161-6a1382831747",
            "4bf8ab72-a435-4f69-b32c-9576b937e0f0",
            "a7b36967-2b36-47dc-b593-c2c387a9be64",
            "80997624-743f-45d6-a873-a7644d44a098",
            "ce6fd0f1-2791-4ac7-9c16-93f1bd853350",
            "ff61c095-58e2-42da-a9a0-19cff0748059",
            "e15abe1e-3d97-4cfe-9a0e-fcf287f38531",
            "dbd54bc8-fdc8-4765-88ec-e98705142a13",
            "3c4b7d3c-3308-4ca5-a16b-5421c08fd3ce"
          ],
          "failures": [],
          "pending": [],
          "skipped": [],
          "duration": 58713,
          "root": false,
          "rootEmpty": false,
          "_timeout": 30000
        }
      ],
      "passes": [],
      "failures": [],
      "pending": [],
      "skipped": [],
      "duration": 0,
      "root": true,
      "rootEmpty": true,
      "_timeout": 30000
    }
  ],
  "meta": {
    "mocha": {
      "version": "10.4.0"
    },
    "mochawesome": {
      "options": {
        "quiet": false,
        "reportFilename": "mochawesome",
        "saveHtml": true,
        "saveJson": true,
        "consoleReporter": "spec",
        "useInlineDiffs": false,
        "code": true
      },
      "version": "7.1.3"
    },
    "marge": {
      "options": {
        "enableCode": "false"
      },
      "version": "6.2.0"
    }
  }
}